mode: set
github.com/open-telemetry/opentelemetry-collector-contrib/processor/k8sattributesprocessor/internal/observability/observability.go:27.13,38.2 1 1
github.com/open-telemetry/opentelemetry-collector-contrib/processor/k8sattributesprocessor/internal/observability/observability.go:108.25,110.2 1 1
github.com/open-telemetry/opentelemetry-collector-contrib/processor/k8sattributesprocessor/internal/observability/observability.go:113.23,115.2 1 1
github.com/open-telemetry/opentelemetry-collector-contrib/processor/k8sattributesprocessor/internal/observability/observability.go:118.25,120.2 1 1
github.com/open-telemetry/opentelemetry-collector-contrib/processor/k8sattributesprocessor/internal/observability/observability.go:123.27,125.2 1 1
github.com/open-telemetry/opentelemetry-collector-contrib/processor/k8sattributesprocessor/internal/observability/observability.go:128.45,130.2 1 0
github.com/open-telemetry/opentelemetry-collector-contrib/processor/k8sattributesprocessor/internal/observability/observability.go:133.31,135.2 1 1
github.com/open-telemetry/opentelemetry-collector-contrib/processor/k8sattributesprocessor/internal/observability/observability.go:138.29,140.2 1 1
github.com/open-telemetry/opentelemetry-collector-contrib/processor/k8sattributesprocessor/internal/observability/observability.go:143.31,145.2 1 1
github.com/open-telemetry/opentelemetry-collector-contrib/processor/k8sattributesprocessor/factory.go:44.46,52.2 1 1
github.com/open-telemetry/opentelemetry-collector-contrib/processor/k8sattributesprocessor/factory.go:54.54,60.2 1 1
github.com/open-telemetry/opentelemetry-collector-contrib/processor/k8sattributesprocessor/factory.go:67.38,69.2 1 1
github.com/open-telemetry/opentelemetry-collector-contrib/processor/k8sattributesprocessor/factory.go:76.36,78.2 1 1
github.com/open-telemetry/opentelemetry-collector-contrib/processor/k8sattributesprocessor/factory.go:85.39,87.2 1 1
github.com/open-telemetry/opentelemetry-collector-contrib/processor/k8sattributesprocessor/factory.go:95.38,97.16 2 1
github.com/open-telemetry/opentelemetry-collector-contrib/processor/k8sattributesprocessor/factory.go:101.2,109.45 1 1
github.com/open-telemetry/opentelemetry-collector-contrib/processor/k8sattributesprocessor/factory.go:97.16,99.3 1 1
github.com/open-telemetry/opentelemetry-collector-contrib/processor/k8sattributesprocessor/factory.go:118.39,120.16 2 1
github.com/open-telemetry/opentelemetry-collector-contrib/processor/k8sattributesprocessor/factory.go:124.2,132.45 1 1
github.com/open-telemetry/opentelemetry-collector-contrib/processor/k8sattributesprocessor/factory.go:120.16,122.3 1 1
github.com/open-telemetry/opentelemetry-collector-contrib/processor/k8sattributesprocessor/factory.go:141.36,143.16 2 1
github.com/open-telemetry/opentelemetry-collector-contrib/processor/k8sattributesprocessor/factory.go:147.2,155.45 1 1
github.com/open-telemetry/opentelemetry-collector-contrib/processor/k8sattributesprocessor/factory.go:143.16,145.3 1 1
github.com/open-telemetry/opentelemetry-collector-contrib/processor/k8sattributesprocessor/factory.go:162.33,169.16 5 1
github.com/open-telemetry/opentelemetry-collector-contrib/processor/k8sattributesprocessor/factory.go:173.2,175.33 2 1
github.com/open-telemetry/opentelemetry-collector-contrib/processor/k8sattributesprocessor/factory.go:182.2,182.18 1 1
github.com/open-telemetry/opentelemetry-collector-contrib/processor/k8sattributesprocessor/factory.go:189.2,189.16 1 1
github.com/open-telemetry/opentelemetry-collector-contrib/processor/k8sattributesprocessor/factory.go:169.16,171.3 1 0
github.com/open-telemetry/opentelemetry-collector-contrib/processor/k8sattributesprocessor/factory.go:175.33,176.33 1 1
github.com/open-telemetry/opentelemetry-collector-contrib/processor/k8sattributesprocessor/factory.go:176.33,178.4 1 1
github.com/open-telemetry/opentelemetry-collector-contrib/processor/k8sattributesprocessor/factory.go:182.18,184.17 2 1
github.com/open-telemetry/opentelemetry-collector-contrib/processor/k8sattributesprocessor/factory.go:184.17,186.4 1 0
github.com/open-telemetry/opentelemetry-collector-contrib/processor/k8sattributesprocessor/factory.go:192.66,195.22 3 1
github.com/open-telemetry/opentelemetry-collector-contrib/processor/k8sattributesprocessor/factory.go:200.2,215.13 11 1
github.com/open-telemetry/opentelemetry-collector-contrib/processor/k8sattributesprocessor/factory.go:195.22,197.3 1 1
github.com/open-telemetry/opentelemetry-collector-contrib/processor/k8sattributesprocessor/factory.go:218.86,220.46 2 1
github.com/open-telemetry/opentelemetry-collector-contrib/processor/k8sattributesprocessor/factory.go:220.46,222.16 2 1
github.com/open-telemetry/opentelemetry-collector-contrib/processor/k8sattributesprocessor/factory.go:246.3,246.20 1 1
github.com/open-telemetry/opentelemetry-collector-contrib/processor/k8sattributesprocessor/factory.go:223.25,225.51 2 0
github.com/open-telemetry/opentelemetry-collector-contrib/processor/k8sattributesprocessor/factory.go:226.24,228.45 2 0
github.com/open-telemetry/opentelemetry-collector-contrib/processor/k8sattributesprocessor/factory.go:229.23,231.44 2 0
github.com/open-telemetry/opentelemetry-collector-contrib/processor/k8sattributesprocessor/factory.go:232.26,234.34 2 0
github.com/open-telemetry/opentelemetry-collector-contrib/processor/k8sattributesprocessor/factory.go:235.27,237.52 2 0
github.com/open-telemetry/opentelemetry-collector-contrib/processor/k8sattributesprocessor/factory.go:238.21,240.46 2 0
github.com/open-telemetry/opentelemetry-collector-contrib/processor/k8sattributesprocessor/factory.go:241.34,242.86 1 0
github.com/open-telemetry/opentelemetry-collector-contrib/processor/k8sattributesprocessor/factory.go:243.44,244.95 1 1
github.com/open-telemetry/opentelemetry-collector-contrib/processor/k8sattributesprocessor/factory.go:246.20,248.4 1 0
github.com/open-telemetry/opentelemetry-collector-contrib/processor/k8sattributesprocessor/factory.go:253.61,256.77 2 1
github.com/open-telemetry/opentelemetry-collector-contrib/processor/k8sattributesprocessor/factory.go:262.2,262.12 1 1
github.com/open-telemetry/opentelemetry-collector-contrib/processor/k8sattributesprocessor/factory.go:256.77,257.38 1 0
github.com/open-telemetry/opentelemetry-collector-contrib/processor/k8sattributesprocessor/factory.go:257.38,259.4 1 0
github.com/open-telemetry/opentelemetry-collector-contrib/processor/k8sattributesprocessor/factory.go:265.92,269.41 4 1
github.com/open-telemetry/opentelemetry-collector-contrib/processor/k8sattributesprocessor/factory.go:291.2,291.22 1 1
github.com/open-telemetry/opentelemetry-collector-contrib/processor/k8sattributesprocessor/factory.go:269.41,270.43 1 0
github.com/open-telemetry/opentelemetry-collector-contrib/processor/k8sattributesprocessor/factory.go:274.3,280.23 3 0
github.com/open-telemetry/opentelemetry-collector-contrib/processor/k8sattributesprocessor/factory.go:285.3,285.42 1 0
github.com/open-telemetry/opentelemetry-collector-contrib/processor/k8sattributesprocessor/factory.go:270.43,271.12 1 0
github.com/open-telemetry/opentelemetry-collector-contrib/processor/k8sattributesprocessor/factory.go:280.23,283.4 1 0
github.com/open-telemetry/opentelemetry-collector-contrib/processor/k8sattributesprocessor/factory.go:285.42,288.4 1 0
github.com/open-telemetry/opentelemetry-collector-contrib/processor/k8sattributesprocessor/factory.go:291.22,301.3 1 0
github.com/open-telemetry/opentelemetry-collector-contrib/processor/k8sattributesprocessor/options.go:53.52,54.44 1 1
github.com/open-telemetry/opentelemetry-collector-contrib/processor/k8sattributesprocessor/options.go:54.44,57.3 2 1
github.com/open-telemetry/opentelemetry-collector-contrib/processor/k8sattributesprocessor/options.go:62.31,63.44 1 1
github.com/open-telemetry/opentelemetry-collector-contrib/processor/k8sattributesprocessor/options.go:63.44,66.3 2 1
github.com/open-telemetry/opentelemetry-collector-contrib/processor/k8sattributesprocessor/options.go:71.51,72.44 1 1
github.com/open-telemetry/opentelemetry-collector-contrib/processor/k8sattributesprocessor/options.go:72.44,73.23 1 1
github.com/open-telemetry/opentelemetry-collector-contrib/processor/k8sattributesprocessor/options.go:86.3,86.32 1 1
github.com/open-telemetry/opentelemetry-collector-contrib/processor/k8sattributesprocessor/options.go:133.3,133.13 1 1
github.com/open-telemetry/opentelemetry-collector-contrib/processor/k8sattributesprocessor/options.go:73.23,85.4 1 1
github.com/open-telemetry/opentelemetry-collector-contrib/processor/k8sattributesprocessor/options.go:86.32,87.17 1 1
github.com/open-telemetry/opentelemetry-collector-contrib/processor/k8sattributesprocessor/options.go:91.65,92.29 1 1
github.com/open-telemetry/opentelemetry-collector-contrib/processor/k8sattributesprocessor/options.go:93.58,94.27 1 1
github.com/open-telemetry/opentelemetry-collector-contrib/processor/k8sattributesprocessor/options.go:95.56,96.26 1 1
github.com/open-telemetry/opentelemetry-collector-contrib/processor/k8sattributesprocessor/options.go:97.49,98.29 1 1
github.com/open-telemetry/opentelemetry-collector-contrib/processor/k8sattributesprocessor/options.go:99.68,100.30 1 1
github.com/open-telemetry/opentelemetry-collector-contrib/processor/k8sattributesprocessor/options.go:101.48,102.34 1 0
github.com/open-telemetry/opentelemetry-collector-contrib/processor/k8sattributesprocessor/options.go:103.47,104.32 1 0
github.com/open-telemetry/opentelemetry-collector-contrib/processor/k8sattributesprocessor/options.go:105.47,106.33 1 0
github.com/open-telemetry/opentelemetry-collector-contrib/processor/k8sattributesprocessor/options.go:107.46,108.32 1 0
github.com/open-telemetry/opentelemetry-collector-contrib/processor/k8sattributesprocessor/options.go:109.49,110.35 1 0
github.com/open-telemetry/opentelemetry-collector-contrib/processor/k8sattributesprocessor/options.go:111.48,112.34 1 0
github.com/open-telemetry/opentelemetry-collector-contrib/processor/k8sattributesprocessor/options.go:113.41,114.27 1 0
github.com/open-telemetry/opentelemetry-collector-contrib/processor/k8sattributesprocessor/options.go:115.40,116.26 1 0
github.com/open-telemetry/opentelemetry-collector-contrib/processor/k8sattributesprocessor/options.go:117.45,118.31 1 0
github.com/open-telemetry/opentelemetry-collector-contrib/processor/k8sattributesprocessor/options.go:119.56,120.24 1 1
github.com/open-telemetry/opentelemetry-collector-contrib/processor/k8sattributesprocessor/options.go:121.42,122.31 1 1
github.com/open-telemetry/opentelemetry-collector-contrib/processor/k8sattributesprocessor/options.go:123.49,124.38 1 1
github.com/open-telemetry/opentelemetry-collector-contrib/processor/k8sattributesprocessor/options.go:125.48,126.37 1 1
github.com/open-telemetry/opentelemetry-collector-contrib/processor/k8sattributesprocessor/options.go:127.72,127.72 0 1
github.com/open-telemetry/opentelemetry-collector-contrib/processor/k8sattributesprocessor/options.go:129.12,130.73 1 1
github.com/open-telemetry/opentelemetry-collector-contrib/processor/k8sattributesprocessor/options.go:138.61,139.44 1 1
github.com/open-telemetry/opentelemetry-collector-contrib/processor/k8sattributesprocessor/options.go:139.44,141.17 2 1
github.com/open-telemetry/opentelemetry-collector-contrib/processor/k8sattributesprocessor/options.go:144.3,145.13 2 1
github.com/open-telemetry/opentelemetry-collector-contrib/processor/k8sattributesprocessor/options.go:141.17,143.4 1 1
github.com/open-telemetry/opentelemetry-collector-contrib/processor/k8sattributesprocessor/options.go:150.71,151.44 1 1
github.com/open-telemetry/opentelemetry-collector-contrib/processor/k8sattributesprocessor/options.go:151.44,153.17 2 1
github.com/open-telemetry/opentelemetry-collector-contrib/processor/k8sattributesprocessor/options.go:156.3,157.13 2 1
github.com/open-telemetry/opentelemetry-collector-contrib/processor/k8sattributesprocessor/options.go:153.17,155.4 1 1
github.com/open-telemetry/opentelemetry-collector-contrib/processor/k8sattributesprocessor/options.go:161.108,163.27 2 1
github.com/open-telemetry/opentelemetry-collector-contrib/processor/k8sattributesprocessor/options.go:216.2,216.19 1 1
github.com/open-telemetry/opentelemetry-collector-contrib/processor/k8sattributesprocessor/options.go:163.27,166.17 2 1
github.com/open-telemetry/opentelemetry-collector-contrib/processor/k8sattributesprocessor/options.go:176.3,176.32 1 1
github.com/open-telemetry/opentelemetry-collector-contrib/processor/k8sattributesprocessor/options.go:185.3,186.20 2 1
github.com/open-telemetry/opentelemetry-collector-contrib/processor/k8sattributesprocessor/options.go:198.3,200.23 3 1
github.com/open-telemetry/opentelemetry-collector-contrib/processor/k8sattributesprocessor/options.go:212.3,214.5 1 1
github.com/open-telemetry/opentelemetry-collector-contrib/processor/k8sattributesprocessor/options.go:168.33,169.33 1 1
github.com/open-telemetry/opentelemetry-collector-contrib/processor/k8sattributesprocessor/options.go:170.35,171.39 1 1
github.com/open-telemetry/opentelemetry-collector-contrib/processor/k8sattributesprocessor/options.go:172.11,173.105 1 0
github.com/open-telemetry/opentelemetry-collector-contrib/processor/k8sattributesprocessor/options.go:176.32,178.38 1 1
github.com/open-telemetry/opentelemetry-collector-contrib/processor/k8sattributesprocessor/options.go:178.38,180.5 1 1
github.com/open-telemetry/opentelemetry-collector-contrib/processor/k8sattributesprocessor/options.go:180.10,180.51 1 0
github.com/open-telemetry/opentelemetry-collector-contrib/processor/k8sattributesprocessor/options.go:180.51,182.5 1 0
github.com/open-telemetry/opentelemetry-collector-contrib/processor/k8sattributesprocessor/options.go:186.20,189.18 3 1
github.com/open-telemetry/opentelemetry-collector-contrib/processor/k8sattributesprocessor/options.go:192.4,193.46 2 1
github.com/open-telemetry/opentelemetry-collector-contrib/processor/k8sattributesprocessor/options.go:189.18,191.5 1 1
github.com/open-telemetry/opentelemetry-collector-contrib/processor/k8sattributesprocessor/options.go:193.46,195.5 1 1
github.com/open-telemetry/opentelemetry-collector-contrib/processor/k8sattributesprocessor/options.go:200.23,203.18 3 1
github.com/open-telemetry/opentelemetry-collector-contrib/processor/k8sattributesprocessor/options.go:207.4,207.32 1 1
github.com/open-telemetry/opentelemetry-collector-contrib/processor/k8sattributesprocessor/options.go:203.18,205.5 1 0
github.com/open-telemetry/opentelemetry-collector-contrib/processor/k8sattributesprocessor/options.go:207.32,209.5 1 1
github.com/open-telemetry/opentelemetry-collector-contrib/processor/k8sattributesprocessor/options.go:220.57,221.44 1 1
github.com/open-telemetry/opentelemetry-collector-contrib/processor/k8sattributesprocessor/options.go:221.44,222.27 1 1
github.com/open-telemetry/opentelemetry-collector-contrib/processor/k8sattributesprocessor/options.go:226.3,227.13 2 1
github.com/open-telemetry/opentelemetry-collector-contrib/processor/k8sattributesprocessor/options.go:222.27,225.4 2 1
github.com/open-telemetry/opentelemetry-collector-contrib/processor/k8sattributesprocessor/options.go:232.44,233.44 1 1
github.com/open-telemetry/opentelemetry-collector-contrib/processor/k8sattributesprocessor/options.go:233.44,236.3 2 1
github.com/open-telemetry/opentelemetry-collector-contrib/processor/k8sattributesprocessor/options.go:240.60,241.44 1 1
github.com/open-telemetry/opentelemetry-collector-contrib/processor/k8sattributesprocessor/options.go:241.44,243.29 2 1
github.com/open-telemetry/opentelemetry-collector-contrib/processor/k8sattributesprocessor/options.go:267.3,268.13 2 1
github.com/open-telemetry/opentelemetry-collector-contrib/processor/k8sattributesprocessor/options.go:243.29,244.18 1 1
github.com/open-telemetry/opentelemetry-collector-contrib/processor/k8sattributesprocessor/options.go:248.4,249.16 2 1
github.com/open-telemetry/opentelemetry-collector-contrib/processor/k8sattributesprocessor/options.go:261.4,265.6 1 1
github.com/open-telemetry/opentelemetry-collector-contrib/processor/k8sattributesprocessor/options.go:244.18,246.5 1 1
github.com/open-telemetry/opentelemetry-collector-contrib/processor/k8sattributesprocessor/options.go:250.24,251.26 1 1
github.com/open-telemetry/opentelemetry-collector-contrib/processor/k8sattributesprocessor/options.go:252.27,253.29 1 1
github.com/open-telemetry/opentelemetry-collector-contrib/processor/k8sattributesprocessor/options.go:254.24,255.26 1 1
github.com/open-telemetry/opentelemetry-collector-contrib/processor/k8sattributesprocessor/options.go:256.30,257.32 1 1
github.com/open-telemetry/opentelemetry-collector-contrib/processor/k8sattributesprocessor/options.go:258.12,259.111 1 1
github.com/open-telemetry/opentelemetry-collector-contrib/processor/k8sattributesprocessor/options.go:273.60,274.44 1 1
github.com/open-telemetry/opentelemetry-collector-contrib/processor/k8sattributesprocessor/options.go:274.44,276.29 2 1
github.com/open-telemetry/opentelemetry-collector-contrib/processor/k8sattributesprocessor/options.go:296.3,297.13 2 1
github.com/open-telemetry/opentelemetry-collector-contrib/processor/k8sattributesprocessor/options.go:276.29,277.18 1 1
github.com/open-telemetry/opentelemetry-collector-contrib/processor/k8sattributesprocessor/options.go:281.4,282.16 2 1
github.com/open-telemetry/opentelemetry-collector-contrib/processor/k8sattributesprocessor/options.go:290.4,294.6 1 1
github.com/open-telemetry/opentelemetry-collector-contrib/processor/k8sattributesprocessor/options.go:277.18,279.5 1 1
github.com/open-telemetry/opentelemetry-collector-contrib/processor/k8sattributesprocessor/options.go:283.24,284.26 1 1
github.com/open-telemetry/opentelemetry-collector-contrib/processor/k8sattributesprocessor/options.go:285.27,286.29 1 1
github.com/open-telemetry/opentelemetry-collector-contrib/processor/k8sattributesprocessor/options.go:287.12,288.111 1 1
github.com/open-telemetry/opentelemetry-collector-contrib/processor/k8sattributesprocessor/options.go:302.81,303.44 1 1
github.com/open-telemetry/opentelemetry-collector-contrib/processor/k8sattributesprocessor/options.go:303.44,306.47 3 1
github.com/open-telemetry/opentelemetry-collector-contrib/processor/k8sattributesprocessor/options.go:338.3,339.13 2 1
github.com/open-telemetry/opentelemetry-collector-contrib/processor/k8sattributesprocessor/options.go:306.47,313.30 3 1
github.com/open-telemetry/opentelemetry-collector-contrib/processor/k8sattributesprocessor/options.go:336.4,336.46 1 1
github.com/open-telemetry/opentelemetry-collector-contrib/processor/k8sattributesprocessor/options.go:313.30,314.50 1 1
github.com/open-telemetry/opentelemetry-collector-contrib/processor/k8sattributesprocessor/options.go:319.5,322.7 1 1
github.com/open-telemetry/opentelemetry-collector-contrib/processor/k8sattributesprocessor/options.go:314.50,316.6 1 1
github.com/open-telemetry/opentelemetry-collector-contrib/processor/k8sattributesprocessor/options.go:316.11,318.6 1 1
github.com/open-telemetry/opentelemetry-collector-contrib/processor/k8sattributesprocessor/options.go:323.10,324.59 1 1
github.com/open-telemetry/opentelemetry-collector-contrib/processor/k8sattributesprocessor/options.go:324.59,325.57 1 1
github.com/open-telemetry/opentelemetry-collector-contrib/processor/k8sattributesprocessor/options.go:330.6,333.8 1 1
github.com/open-telemetry/opentelemetry-collector-contrib/processor/k8sattributesprocessor/options.go:325.57,327.7 1 1
github.com/open-telemetry/opentelemetry-collector-contrib/processor/k8sattributesprocessor/options.go:327.12,329.7 1 1
github.com/open-telemetry/opentelemetry-collector-contrib/processor/k8sattributesprocessor/options.go:344.52,345.44 1 1
github.com/open-telemetry/opentelemetry-collector-contrib/processor/k8sattributesprocessor/options.go:345.44,349.22 3 1
github.com/open-telemetry/opentelemetry-collector-contrib/processor/k8sattributesprocessor/options.go:352.3,352.30 1 1
github.com/open-telemetry/opentelemetry-collector-contrib/processor/k8sattributesprocessor/options.go:355.3,356.13 2 1
github.com/open-telemetry/opentelemetry-collector-contrib/processor/k8sattributesprocessor/options.go:349.22,351.4 1 1
github.com/open-telemetry/opentelemetry-collector-contrib/processor/k8sattributesprocessor/options.go:352.30,354.4 1 1
github.com/open-telemetry/opentelemetry-collector-contrib/processor/k8sattributesprocessor/pod_association.go:30.111,32.28 1 1
github.com/open-telemetry/opentelemetry-collector-contrib/processor/k8sattributesprocessor/pod_association.go:36.2,37.36 2 1
github.com/open-telemetry/opentelemetry-collector-contrib/processor/k8sattributesprocessor/pod_association.go:75.2,75.29 1 0
github.com/open-telemetry/opentelemetry-collector-contrib/processor/k8sattributesprocessor/pod_association.go:32.28,34.3 1 1
github.com/open-telemetry/opentelemetry-collector-contrib/processor/k8sattributesprocessor/pod_association.go:37.36,41.39 3 1
github.com/open-telemetry/opentelemetry-collector-contrib/processor/k8sattributesprocessor/pod_association.go:71.3,71.12 1 1
github.com/open-telemetry/opentelemetry-collector-contrib/processor/k8sattributesprocessor/pod_association.go:41.39,43.11 1 1
github.com/open-telemetry/opentelemetry-collector-contrib/processor/k8sattributesprocessor/pod_association.go:44.46,45.27 1 1
github.com/open-telemetry/opentelemetry-collector-contrib/processor/k8sattributesprocessor/pod_association.go:49.5,49.69 1 1
github.com/open-telemetry/opentelemetry-collector-contrib/processor/k8sattributesprocessor/pod_association.go:50.44,53.29 2 1
github.com/open-telemetry/opentelemetry-collector-contrib/processor/k8sattributesprocessor/pod_association.go:61.5,61.89 1 1
github.com/open-telemetry/opentelemetry-collector-contrib/processor/k8sattributesprocessor/pod_association.go:66.5,66.75 1 1
github.com/open-telemetry/opentelemetry-collector-contrib/processor/k8sattributesprocessor/pod_association.go:45.27,47.11 2 0
github.com/open-telemetry/opentelemetry-collector-contrib/processor/k8sattributesprocessor/pod_association.go:53.29,55.11 2 1
github.com/open-telemetry/opentelemetry-collector-contrib/processor/k8sattributesprocessor/pod_association.go:61.89,63.11 2 0
github.com/open-telemetry/opentelemetry-collector-contrib/processor/k8sattributesprocessor/pod_association.go:71.12,73.4 1 1
github.com/open-telemetry/opentelemetry-collector-contrib/processor/k8sattributesprocessor/pod_association.go:79.92,82.17 3 1
github.com/open-telemetry/opentelemetry-collector-contrib/processor/k8sattributesprocessor/pod_association.go:88.2,89.19 2 1
github.com/open-telemetry/opentelemetry-collector-contrib/processor/k8sattributesprocessor/pod_association.go:95.2,96.24 2 1
github.com/open-telemetry/opentelemetry-collector-contrib/processor/k8sattributesprocessor/pod_association.go:102.2,103.34 2 1
github.com/open-telemetry/opentelemetry-collector-contrib/processor/k8sattributesprocessor/pod_association.go:109.2,109.29 1 1
github.com/open-telemetry/opentelemetry-collector-contrib/processor/k8sattributesprocessor/pod_association.go:82.17,86.3 1 1
github.com/open-telemetry/opentelemetry-collector-contrib/processor/k8sattributesprocessor/pod_association.go:89.19,93.3 1 1
github.com/open-telemetry/opentelemetry-collector-contrib/processor/k8sattributesprocessor/pod_association.go:96.24,100.3 1 1
github.com/open-telemetry/opentelemetry-collector-contrib/processor/k8sattributesprocessor/pod_association.go:103.34,107.3 1 1
github.com/open-telemetry/opentelemetry-collector-contrib/processor/k8sattributesprocessor/pod_association.go:112.47,114.19 2 1
github.com/open-telemetry/opentelemetry-collector-contrib/processor/k8sattributesprocessor/pod_association.go:117.2,117.31 1 1
github.com/open-telemetry/opentelemetry-collector-contrib/processor/k8sattributesprocessor/pod_association.go:129.2,130.26 2 1
github.com/open-telemetry/opentelemetry-collector-contrib/processor/k8sattributesprocessor/pod_association.go:138.2,138.24 1 0
github.com/open-telemetry/opentelemetry-collector-contrib/processor/k8sattributesprocessor/pod_association.go:114.19,116.3 1 1
github.com/open-telemetry/opentelemetry-collector-contrib/processor/k8sattributesprocessor/pod_association.go:118.20,119.26 1 1
github.com/open-telemetry/opentelemetry-collector-contrib/processor/k8sattributesprocessor/pod_association.go:120.20,121.26 1 1
github.com/open-telemetry/opentelemetry-collector-contrib/processor/k8sattributesprocessor/pod_association.go:122.19,123.26 1 1
github.com/open-telemetry/opentelemetry-collector-contrib/processor/k8sattributesprocessor/pod_association.go:130.26,133.16 3 1
github.com/open-telemetry/opentelemetry-collector-contrib/processor/k8sattributesprocessor/pod_association.go:133.16,135.4 1 1
github.com/open-telemetry/opentelemetry-collector-contrib/processor/k8sattributesprocessor/pod_association.go:142.67,143.35 1 1
github.com/open-telemetry/opentelemetry-collector-contrib/processor/k8sattributesprocessor/pod_association.go:148.2,148.11 1 1
github.com/open-telemetry/opentelemetry-collector-contrib/processor/k8sattributesprocessor/pod_association.go:143.35,144.41 1 1
github.com/open-telemetry/opentelemetry-collector-contrib/processor/k8sattributesprocessor/pod_association.go:144.41,146.4 1 1
github.com/open-telemetry/opentelemetry-collector-contrib/processor/k8sattributesprocessor/processor.go:49.105,50.23 1 1
github.com/open-telemetry/opentelemetry-collector-contrib/processor/k8sattributesprocessor/processor.go:53.2,53.25 1 1
github.com/open-telemetry/opentelemetry-collector-contrib/processor/k8sattributesprocessor/processor.go:60.2,60.12 1 1
github.com/open-telemetry/opentelemetry-collector-contrib/processor/k8sattributesprocessor/processor.go:50.23,52.3 1 1
github.com/open-telemetry/opentelemetry-collector-contrib/processor/k8sattributesprocessor/processor.go:53.25,55.17 2 1
github.com/open-telemetry/opentelemetry-collector-contrib/processor/k8sattributesprocessor/processor.go:58.3,58.13 1 1
github.com/open-telemetry/opentelemetry-collector-contrib/processor/k8sattributesprocessor/processor.go:55.17,57.4 1 1
github.com/open-telemetry/opentelemetry-collector-contrib/processor/k8sattributesprocessor/processor.go:63.81,64.25 1 1
github.com/open-telemetry/opentelemetry-collector-contrib/processor/k8sattributesprocessor/processor.go:67.2,67.12 1 1
github.com/open-telemetry/opentelemetry-collector-contrib/processor/k8sattributesprocessor/processor.go:64.25,66.3 1 1
github.com/open-telemetry/opentelemetry-collector-contrib/processor/k8sattributesprocessor/processor.go:70.64,71.25 1 1
github.com/open-telemetry/opentelemetry-collector-contrib/processor/k8sattributesprocessor/processor.go:74.2,74.12 1 1
github.com/open-telemetry/opentelemetry-collector-contrib/processor/k8sattributesprocessor/processor.go:71.25,73.3 1 1
github.com/open-telemetry/opentelemetry-collector-contrib/processor/k8sattributesprocessor/processor.go:78.108,80.33 2 1
github.com/open-telemetry/opentelemetry-collector-contrib/processor/k8sattributesprocessor/processor.go:84.2,84.16 1 1
github.com/open-telemetry/opentelemetry-collector-contrib/processor/k8sattributesprocessor/processor.go:80.33,82.3 1 1
github.com/open-telemetry/opentelemetry-collector-contrib/processor/k8sattributesprocessor/processor.go:88.113,90.32 2 1
github.com/open-telemetry/opentelemetry-collector-contrib/processor/k8sattributesprocessor/processor.go:94.2,94.16 1 1
github.com/open-telemetry/opentelemetry-collector-contrib/processor/k8sattributesprocessor/processor.go:90.32,92.3 1 1
github.com/open-telemetry/opentelemetry-collector-contrib/processor/k8sattributesprocessor/processor.go:98.98,100.32 2 1
github.com/open-telemetry/opentelemetry-collector-contrib/processor/k8sattributesprocessor/processor.go:104.2,104.16 1 1
github.com/open-telemetry/opentelemetry-collector-contrib/processor/k8sattributesprocessor/processor.go:100.32,102.3 1 1
github.com/open-telemetry/opentelemetry-collector-contrib/processor/k8sattributesprocessor/processor.go:108.96,112.36 3 1
github.com/open-telemetry/opentelemetry-collector-contrib/processor/k8sattributesprocessor/processor.go:120.2,120.24 1 1
github.com/open-telemetry/opentelemetry-collector-contrib/processor/k8sattributesprocessor/processor.go:124.2,124.37 1 1
github.com/open-telemetry/opentelemetry-collector-contrib/processor/k8sattributesprocessor/processor.go:137.2,138.21 2 1
github.com/open-telemetry/opentelemetry-collector-contrib/processor/k8sattributesprocessor/processor.go:112.36,113.102 1 1
github.com/open-telemetry/opentelemetry-collector-contrib/processor/k8sattributesprocessor/processor.go:113.102,114.74 1 1
github.com/open-telemetry/opentelemetry-collector-contrib/processor/k8sattributesprocessor/processor.go:117.4,117.9 1 1
github.com/open-telemetry/opentelemetry-collector-contrib/processor/k8sattributesprocessor/processor.go:114.74,116.5 1 1
github.com/open-telemetry/opentelemetry-collector-contrib/processor/k8sattributesprocessor/processor.go:120.24,122.3 1 1
github.com/open-telemetry/opentelemetry-collector-contrib/processor/k8sattributesprocessor/processor.go:124.37,125.54 1 1
github.com/open-telemetry/opentelemetry-collector-contrib/processor/k8sattributesprocessor/processor.go:125.54,128.41 2 1
github.com/open-telemetry/opentelemetry-collector-contrib/processor/k8sattributesprocessor/processor.go:133.4,133.57 1 1
github.com/open-telemetry/opentelemetry-collector-contrib/processor/k8sattributesprocessor/processor.go:128.41,129.59 1 1
github.com/open-telemetry/opentelemetry-collector-contrib/processor/k8sattributesprocessor/processor.go:129.59,131.6 1 1
github.com/open-telemetry/opentelemetry-collector-contrib/processor/k8sattributesprocessor/processor.go:138.21,140.36 2 0
github.com/open-telemetry/opentelemetry-collector-contrib/processor/k8sattributesprocessor/processor.go:140.36,141.58 1 0
github.com/open-telemetry/opentelemetry-collector-contrib/processor/k8sattributesprocessor/processor.go:141.58,143.5 1 0
github.com/open-telemetry/opentelemetry-collector-contrib/processor/k8sattributesprocessor/processor.go:149.89,151.25 2 1
github.com/open-telemetry/opentelemetry-collector-contrib/processor/k8sattributesprocessor/processor.go:154.2,155.9 2 1
github.com/open-telemetry/opentelemetry-collector-contrib/processor/k8sattributesprocessor/processor.go:159.2,159.35 1 1
github.com/open-telemetry/opentelemetry-collector-contrib/processor/k8sattributesprocessor/processor.go:164.2,164.34 1 1
github.com/open-telemetry/opentelemetry-collector-contrib/processor/k8sattributesprocessor/processor.go:170.2,171.8 2 1
github.com/open-telemetry/opentelemetry-collector-contrib/processor/k8sattributesprocessor/processor.go:151.25,153.3 1 1
github.com/open-telemetry/opentelemetry-collector-contrib/processor/k8sattributesprocessor/processor.go:155.9,157.3 1 1
github.com/open-telemetry/opentelemetry-collector-contrib/processor/k8sattributesprocessor/processor.go:159.35,160.77 1 1
github.com/open-telemetry/opentelemetry-collector-contrib/processor/k8sattributesprocessor/processor.go:160.77,162.4 1 1
github.com/open-telemetry/opentelemetry-collector-contrib/processor/k8sattributesprocessor/processor.go:164.34,165.76 1 1
github.com/open-telemetry/opentelemetry-collector-contrib/processor/k8sattributesprocessor/processor.go:165.76,167.4 1 1
github.com/open-telemetry/opentelemetry-collector-contrib/processor/k8sattributesprocessor/processor.go:171.8,173.17 2 1
github.com/open-telemetry/opentelemetry-collector-contrib/processor/k8sattributesprocessor/processor.go:173.17,174.101 1 1
github.com/open-telemetry/opentelemetry-collector-contrib/processor/k8sattributesprocessor/processor.go:174.101,175.72 1 1
github.com/open-telemetry/opentelemetry-collector-contrib/processor/k8sattributesprocessor/processor.go:175.72,177.6 1 1
github.com/open-telemetry/opentelemetry-collector-contrib/processor/k8sattributesprocessor/processor.go:179.9,181.4 1 0
github.com/open-telemetry/opentelemetry-collector-contrib/processor/k8sattributesprocessor/processor.go:185.98,187.9 2 0
github.com/open-telemetry/opentelemetry-collector-contrib/processor/k8sattributesprocessor/processor.go:190.2,190.22 1 0
github.com/open-telemetry/opentelemetry-collector-contrib/processor/k8sattributesprocessor/processor.go:187.9,189.3 1 0
github.com/open-telemetry/opentelemetry-collector-contrib/processor/k8sattributesprocessor/processor.go:194.55,195.20 1 1
github.com/open-telemetry/opentelemetry-collector-contrib/processor/k8sattributesprocessor/processor.go:196.28,197.29 1 1
github.com/open-telemetry/opentelemetry-collector-contrib/processor/k8sattributesprocessor/processor.go:198.28,200.17 2 1
github.com/open-telemetry/opentelemetry-collector-contrib/processor/k8sattributesprocessor/processor.go:203.3,203.16 1 1
github.com/open-telemetry/opentelemetry-collector-contrib/processor/k8sattributesprocessor/processor.go:204.10,205.76 1 1
github.com/open-telemetry/opentelemetry-collector-contrib/processor/k8sattributesprocessor/processor.go:200.17,202.4 1 1
github.com/open-telemetry/opentelemetry-collector-contrib/processor/k8sattributesprocessor/config.go:55.37,56.49 1 1
github.com/open-telemetry/opentelemetry-collector-contrib/processor/k8sattributesprocessor/config.go:60.2,60.40 1 1
github.com/open-telemetry/opentelemetry-collector-contrib/processor/k8sattributesprocessor/config.go:66.2,66.12 1 1
github.com/open-telemetry/opentelemetry-collector-contrib/processor/k8sattributesprocessor/config.go:56.49,58.3 1 0
github.com/open-telemetry/opentelemetry-collector-contrib/processor/k8sattributesprocessor/config.go:60.40,61.55 1 1
github.com/open-telemetry/opentelemetry-collector-contrib/processor/k8sattributesprocessor/config.go:61.55,63.4 1 0
github.com/open-telemetry/opentelemetry-collector-contrib/processor/k8sattributesprocessor/internal/kube/fake_informer.go:40.24,47.2 1 1
github.com/open-telemetry/opentelemetry-collector-contrib/processor/k8sattributesprocessor/internal/kube/fake_informer.go:49.77,49.78 0 1
github.com/open-telemetry/opentelemetry-collector-contrib/processor/k8sattributesprocessor/internal/kube/fake_informer.go:51.115,52.2 0 1
github.com/open-telemetry/opentelemetry-collector-contrib/processor/k8sattributesprocessor/internal/kube/fake_informer.go:54.72,56.2 1 0
github.com/open-telemetry/opentelemetry-collector-contrib/processor/k8sattributesprocessor/internal/kube/fake_informer.go:58.47,59.62 1 1
github.com/open-telemetry/opentelemetry-collector-contrib/processor/k8sattributesprocessor/internal/kube/fake_informer.go:59.62,59.80 1 1
github.com/open-telemetry/opentelemetry-collector-contrib/processor/k8sattributesprocessor/internal/kube/fake_informer.go:62.57,64.2 1 1
github.com/open-telemetry/opentelemetry-collector-contrib/processor/k8sattributesprocessor/internal/kube/fake_informer.go:72.24,76.2 1 1
github.com/open-telemetry/opentelemetry-collector-contrib/processor/k8sattributesprocessor/internal/kube/fake_informer.go:78.86,78.87 0 0
github.com/open-telemetry/opentelemetry-collector-contrib/processor/k8sattributesprocessor/internal/kube/fake_informer.go:80.124,81.2 0 0
github.com/open-telemetry/opentelemetry-collector-contrib/processor/k8sattributesprocessor/internal/kube/fake_informer.go:83.56,84.62 1 0
github.com/open-telemetry/opentelemetry-collector-contrib/processor/k8sattributesprocessor/internal/kube/fake_informer.go:84.62,84.80 1 0
github.com/open-telemetry/opentelemetry-collector-contrib/processor/k8sattributesprocessor/internal/kube/fake_informer.go:87.66,89.2 1 0
github.com/open-telemetry/opentelemetry-collector-contrib/processor/k8sattributesprocessor/internal/kube/fake_informer.go:96.43,98.2 1 1
github.com/open-telemetry/opentelemetry-collector-contrib/processor/k8sattributesprocessor/internal/kube/fake_informer.go:100.54,105.2 4 1
github.com/open-telemetry/opentelemetry-collector-contrib/processor/k8sattributesprocessor/internal/kube/fake_informer.go:107.44,111.2 3 1
github.com/open-telemetry/opentelemetry-collector-contrib/processor/k8sattributesprocessor/internal/kube/fake_informer.go:113.59,115.2 1 1
github.com/open-telemetry/opentelemetry-collector-contrib/processor/k8sattributesprocessor/internal/kube/fake_informer.go:117.76,119.2 1 0
github.com/open-telemetry/opentelemetry-collector-contrib/processor/k8sattributesprocessor/internal/kube/fake_informer.go:127.24,131.2 1 1
github.com/open-telemetry/opentelemetry-collector-contrib/processor/k8sattributesprocessor/internal/kube/fake_informer.go:133.77,133.78 0 1
github.com/open-telemetry/opentelemetry-collector-contrib/processor/k8sattributesprocessor/internal/kube/fake_informer.go:135.115,136.2 0 0
github.com/open-telemetry/opentelemetry-collector-contrib/processor/k8sattributesprocessor/internal/kube/fake_informer.go:138.72,140.2 1 0
github.com/open-telemetry/opentelemetry-collector-contrib/processor/k8sattributesprocessor/internal/kube/fake_informer.go:142.47,143.62 1 0
github.com/open-telemetry/opentelemetry-collector-contrib/processor/k8sattributesprocessor/internal/kube/fake_informer.go:143.62,143.80 1 0
github.com/open-telemetry/opentelemetry-collector-contrib/processor/k8sattributesprocessor/internal/kube/fake_informer.go:146.57,148.2 1 0
github.com/open-telemetry/opentelemetry-collector-contrib/processor/k8sattributesprocessor/internal/kube/fake_informer.go:154.54,155.12 1 1
github.com/open-telemetry/opentelemetry-collector-contrib/processor/k8sattributesprocessor/internal/kube/fake_informer.go:155.12,158.3 2 1
github.com/open-telemetry/opentelemetry-collector-contrib/processor/k8sattributesprocessor/internal/kube/fake_informer.go:160.44,162.2 1 0
github.com/open-telemetry/opentelemetry-collector-contrib/processor/k8sattributesprocessor/internal/kube/fake_informer.go:163.43,165.2 1 0
github.com/open-telemetry/opentelemetry-collector-contrib/processor/k8sattributesprocessor/internal/kube/fake_informer.go:167.59,169.2 1 0
github.com/open-telemetry/opentelemetry-collector-contrib/processor/k8sattributesprocessor/internal/kube/fake_informer.go:171.78,173.2 1 0
github.com/open-telemetry/opentelemetry-collector-contrib/processor/k8sattributesprocessor/internal/kube/informer.go:50.24,60.2 2 1
github.com/open-telemetry/opentelemetry-collector-contrib/processor/k8sattributesprocessor/internal/kube/informer.go:62.138,63.63 1 1
github.com/open-telemetry/opentelemetry-collector-contrib/processor/k8sattributesprocessor/internal/kube/informer.go:63.63,67.3 3 1
github.com/open-telemetry/opentelemetry-collector-contrib/processor/k8sattributesprocessor/internal/kube/informer.go:71.140,72.64 1 1
github.com/open-telemetry/opentelemetry-collector-contrib/processor/k8sattributesprocessor/internal/kube/informer.go:72.64,76.3 3 1
github.com/open-telemetry/opentelemetry-collector-contrib/processor/k8sattributesprocessor/internal/kube/informer.go:81.24,91.2 2 1
github.com/open-telemetry/opentelemetry-collector-contrib/processor/k8sattributesprocessor/internal/kube/informer.go:93.76,94.63 1 1
github.com/open-telemetry/opentelemetry-collector-contrib/processor/k8sattributesprocessor/internal/kube/informer.go:94.63,96.3 1 1
github.com/open-telemetry/opentelemetry-collector-contrib/processor/k8sattributesprocessor/internal/kube/informer.go:100.78,101.64 1 1
github.com/open-telemetry/opentelemetry-collector-contrib/processor/k8sattributesprocessor/internal/kube/informer.go:101.64,103.3 1 1
github.com/open-telemetry/opentelemetry-collector-contrib/processor/k8sattributesprocessor/internal/kube/kube.go:56.43,58.2 1 0
github.com/open-telemetry/opentelemetry-collector-contrib/processor/k8sattributesprocessor/internal/kube/kube.go:61.102,66.2 1 1
github.com/open-telemetry/opentelemetry-collector-contrib/processor/k8sattributesprocessor/internal/kube/kube.go:69.80,77.2 1 1
github.com/open-telemetry/opentelemetry-collector-contrib/processor/k8sattributesprocessor/internal/kube/kube.go:80.99,88.2 1 1
github.com/open-telemetry/opentelemetry-collector-contrib/processor/k8sattributesprocessor/internal/kube/kube.go:229.124,231.47 1 1
github.com/open-telemetry/opentelemetry-collector-contrib/processor/k8sattributesprocessor/internal/kube/kube.go:231.47,233.3 1 1
github.com/open-telemetry/opentelemetry-collector-contrib/processor/k8sattributesprocessor/internal/kube/kube.go:236.130,237.37 1 1
github.com/open-telemetry/opentelemetry-collector-contrib/processor/k8sattributesprocessor/internal/kube/kube.go:237.37,239.3 1 1
github.com/open-telemetry/opentelemetry-collector-contrib/processor/k8sattributesprocessor/internal/kube/kube.go:242.121,243.23 1 1
github.com/open-telemetry/opentelemetry-collector-contrib/processor/k8sattributesprocessor/internal/kube/kube.go:243.23,244.30 1 1
github.com/open-telemetry/opentelemetry-collector-contrib/processor/k8sattributesprocessor/internal/kube/kube.go:244.30,245.44 1 1
github.com/open-telemetry/opentelemetry-collector-contrib/processor/k8sattributesprocessor/internal/kube/kube.go:245.44,247.31 2 1
github.com/open-telemetry/opentelemetry-collector-contrib/processor/k8sattributesprocessor/internal/kube/kube.go:255.5,255.19 1 1
github.com/open-telemetry/opentelemetry-collector-contrib/processor/k8sattributesprocessor/internal/kube/kube.go:247.31,250.6 2 1
github.com/open-telemetry/opentelemetry-collector-contrib/processor/k8sattributesprocessor/internal/kube/kube.go:250.11,250.28 1 1
github.com/open-telemetry/opentelemetry-collector-contrib/processor/k8sattributesprocessor/internal/kube/kube.go:250.28,252.6 1 1
github.com/open-telemetry/opentelemetry-collector-contrib/processor/k8sattributesprocessor/internal/kube/kube.go:252.11,254.6 1 1
github.com/open-telemetry/opentelemetry-collector-contrib/processor/k8sattributesprocessor/internal/kube/kube.go:258.8,258.41 1 1
github.com/open-telemetry/opentelemetry-collector-contrib/processor/k8sattributesprocessor/internal/kube/kube.go:258.41,260.3 1 1
github.com/open-telemetry/opentelemetry-collector-contrib/processor/k8sattributesprocessor/internal/kube/kube.go:263.61,266.20 1 1
github.com/open-telemetry/opentelemetry-collector-contrib/processor/k8sattributesprocessor/internal/kube/kube.go:270.2,271.23 2 1
github.com/open-telemetry/opentelemetry-collector-contrib/processor/k8sattributesprocessor/internal/kube/kube.go:274.2,274.11 1 1
github.com/open-telemetry/opentelemetry-collector-contrib/processor/k8sattributesprocessor/internal/kube/kube.go:266.20,268.3 1 1
github.com/open-telemetry/opentelemetry-collector-contrib/processor/k8sattributesprocessor/internal/kube/kube.go:271.23,273.3 1 1
github.com/open-telemetry/opentelemetry-collector-contrib/processor/k8sattributesprocessor/internal/kube/client.go:72.273,87.25 5 1
github.com/open-telemetry/opentelemetry-collector-contrib/processor/k8sattributesprocessor/internal/kube/client.go:91.2,92.16 2 1
github.com/open-telemetry/opentelemetry-collector-contrib/processor/k8sattributesprocessor/internal/kube/client.go:95.2,98.16 3 1
github.com/open-telemetry/opentelemetry-collector-contrib/processor/k8sattributesprocessor/internal/kube/client.go:101.2,106.24 2 1
github.com/open-telemetry/opentelemetry-collector-contrib/processor/k8sattributesprocessor/internal/kube/client.go:110.2,110.33 1 1
github.com/open-telemetry/opentelemetry-collector-contrib/processor/k8sattributesprocessor/internal/kube/client.go:114.2,115.43 2 1
github.com/open-telemetry/opentelemetry-collector-contrib/processor/k8sattributesprocessor/internal/kube/client.go:120.2,120.15 1 1
github.com/open-telemetry/opentelemetry-collector-contrib/processor/k8sattributesprocessor/internal/kube/client.go:87.25,89.3 1 1
github.com/open-telemetry/opentelemetry-collector-contrib/processor/k8sattributesprocessor/internal/kube/client.go:92.16,94.3 1 1
github.com/open-telemetry/opentelemetry-collector-contrib/processor/k8sattributesprocessor/internal/kube/client.go:98.16,100.3 1 1
github.com/open-telemetry/opentelemetry-collector-contrib/processor/k8sattributesprocessor/internal/kube/client.go:106.24,108.3 1 1
github.com/open-telemetry/opentelemetry-collector-contrib/processor/k8sattributesprocessor/internal/kube/client.go:110.33,112.3 1 1
github.com/open-telemetry/opentelemetry-collector-contrib/processor/k8sattributesprocessor/internal/kube/client.go:115.43,117.3 1 0
github.com/open-telemetry/opentelemetry-collector-contrib/processor/k8sattributesprocessor/internal/kube/client.go:117.8,119.3 1 1
github.com/open-telemetry/opentelemetry-collector-contrib/processor/k8sattributesprocessor/internal/kube/client.go:124.31,138.2 4 1
github.com/open-telemetry/opentelemetry-collector-contrib/processor/k8sattributesprocessor/internal/kube/client.go:141.30,143.2 1 1
github.com/open-telemetry/opentelemetry-collector-contrib/processor/k8sattributesprocessor/internal/kube/client.go:145.53,147.38 2 1
github.com/open-telemetry/opentelemetry-collector-contrib/processor/k8sattributesprocessor/internal/kube/client.go:152.2,153.55 2 1
github.com/open-telemetry/opentelemetry-collector-contrib/processor/k8sattributesprocessor/internal/kube/client.go:147.38,149.3 1 1
github.com/open-telemetry/opentelemetry-collector-contrib/processor/k8sattributesprocessor/internal/kube/client.go:149.8,151.3 1 1
github.com/open-telemetry/opentelemetry-collector-contrib/processor/k8sattributesprocessor/internal/kube/client.go:156.61,158.38 2 1
github.com/open-telemetry/opentelemetry-collector-contrib/processor/k8sattributesprocessor/internal/kube/client.go:164.2,165.55 2 1
github.com/open-telemetry/opentelemetry-collector-contrib/processor/k8sattributesprocessor/internal/kube/client.go:158.38,161.3 1 1
github.com/open-telemetry/opentelemetry-collector-contrib/processor/k8sattributesprocessor/internal/kube/client.go:161.8,163.3 1 1
github.com/open-telemetry/opentelemetry-collector-contrib/processor/k8sattributesprocessor/internal/kube/client.go:168.56,170.38 2 1
github.com/open-telemetry/opentelemetry-collector-contrib/processor/k8sattributesprocessor/internal/kube/client.go:175.2,176.55 2 1
github.com/open-telemetry/opentelemetry-collector-contrib/processor/k8sattributesprocessor/internal/kube/client.go:170.38,172.3 1 1
github.com/open-telemetry/opentelemetry-collector-contrib/processor/k8sattributesprocessor/internal/kube/client.go:172.8,174.3 1 1
github.com/open-telemetry/opentelemetry-collector-contrib/processor/k8sattributesprocessor/internal/kube/client.go:179.59,181.50 2 1
github.com/open-telemetry/opentelemetry-collector-contrib/processor/k8sattributesprocessor/internal/kube/client.go:181.50,183.3 1 1
github.com/open-telemetry/opentelemetry-collector-contrib/processor/k8sattributesprocessor/internal/kube/client.go:183.8,185.3 1 0
github.com/open-telemetry/opentelemetry-collector-contrib/processor/k8sattributesprocessor/internal/kube/client.go:188.67,190.50 2 1
github.com/open-telemetry/opentelemetry-collector-contrib/processor/k8sattributesprocessor/internal/kube/client.go:190.50,192.3 1 1
github.com/open-telemetry/opentelemetry-collector-contrib/processor/k8sattributesprocessor/internal/kube/client.go:192.8,194.3 1 0
github.com/open-telemetry/opentelemetry-collector-contrib/processor/k8sattributesprocessor/internal/kube/client.go:197.62,199.50 2 1
github.com/open-telemetry/opentelemetry-collector-contrib/processor/k8sattributesprocessor/internal/kube/client.go:199.50,201.49 2 1
github.com/open-telemetry/opentelemetry-collector-contrib/processor/k8sattributesprocessor/internal/kube/client.go:207.3,207.15 1 1
github.com/open-telemetry/opentelemetry-collector-contrib/processor/k8sattributesprocessor/internal/kube/client.go:201.49,206.4 1 0
github.com/open-telemetry/opentelemetry-collector-contrib/processor/k8sattributesprocessor/internal/kube/client.go:208.8,210.3 1 0
github.com/open-telemetry/opentelemetry-collector-contrib/processor/k8sattributesprocessor/internal/kube/client.go:213.85,217.6 1 1
github.com/open-telemetry/opentelemetry-collector-contrib/processor/k8sattributesprocessor/internal/kube/client.go:217.6,218.10 1 1
github.com/open-telemetry/opentelemetry-collector-contrib/processor/k8sattributesprocessor/internal/kube/client.go:219.31,223.36 4 1
github.com/open-telemetry/opentelemetry-collector-contrib/processor/k8sattributesprocessor/internal/kube/client.go:229.4,234.31 5 1
github.com/open-telemetry/opentelemetry-collector-contrib/processor/k8sattributesprocessor/internal/kube/client.go:243.4,245.16 3 1
github.com/open-telemetry/opentelemetry-collector-contrib/processor/k8sattributesprocessor/internal/kube/client.go:247.19,248.10 1 1
github.com/open-telemetry/opentelemetry-collector-contrib/processor/k8sattributesprocessor/internal/kube/client.go:223.36,224.41 1 1
github.com/open-telemetry/opentelemetry-collector-contrib/processor/k8sattributesprocessor/internal/kube/client.go:227.5,227.19 1 1
github.com/open-telemetry/opentelemetry-collector-contrib/processor/k8sattributesprocessor/internal/kube/client.go:224.41,225.11 1 1
github.com/open-telemetry/opentelemetry-collector-contrib/processor/k8sattributesprocessor/internal/kube/client.go:234.31,235.34 1 1
github.com/open-telemetry/opentelemetry-collector-contrib/processor/k8sattributesprocessor/internal/kube/client.go:235.34,238.29 1 1
github.com/open-telemetry/opentelemetry-collector-contrib/processor/k8sattributesprocessor/internal/kube/client.go:238.29,240.7 1 1
github.com/open-telemetry/opentelemetry-collector-contrib/processor/k8sattributesprocessor/internal/kube/client.go:254.69,258.8 4 1
github.com/open-telemetry/opentelemetry-collector-contrib/processor/k8sattributesprocessor/internal/kube/client.go:264.2,265.19 2 1
github.com/open-telemetry/opentelemetry-collector-contrib/processor/k8sattributesprocessor/internal/kube/client.go:258.8,259.17 1 1
github.com/open-telemetry/opentelemetry-collector-contrib/processor/k8sattributesprocessor/internal/kube/client.go:262.3,262.17 1 1
github.com/open-telemetry/opentelemetry-collector-contrib/processor/k8sattributesprocessor/internal/kube/client.go:259.17,261.4 1 1
github.com/open-telemetry/opentelemetry-collector-contrib/processor/k8sattributesprocessor/internal/kube/client.go:269.73,273.8 4 1
github.com/open-telemetry/opentelemetry-collector-contrib/processor/k8sattributesprocessor/internal/kube/client.go:276.2,276.19 1 0
github.com/open-telemetry/opentelemetry-collector-contrib/processor/k8sattributesprocessor/internal/kube/client.go:273.8,275.3 1 1
github.com/open-telemetry/opentelemetry-collector-contrib/processor/k8sattributesprocessor/internal/kube/client.go:279.79,281.21 2 1
github.com/open-telemetry/opentelemetry-collector-contrib/processor/k8sattributesprocessor/internal/kube/client.go:285.2,285.23 1 1
github.com/open-telemetry/opentelemetry-collector-contrib/processor/k8sattributesprocessor/internal/kube/client.go:289.2,289.23 1 1
github.com/open-telemetry/opentelemetry-collector-contrib/processor/k8sattributesprocessor/internal/kube/client.go:296.2,296.20 1 1
github.com/open-telemetry/opentelemetry-collector-contrib/processor/k8sattributesprocessor/internal/kube/client.go:301.2,305.45 1 1
github.com/open-telemetry/opentelemetry-collector-contrib/processor/k8sattributesprocessor/internal/kube/client.go:353.2,353.18 1 1
github.com/open-telemetry/opentelemetry-collector-contrib/processor/k8sattributesprocessor/internal/kube/client.go:357.2,357.35 1 1
github.com/open-telemetry/opentelemetry-collector-contrib/processor/k8sattributesprocessor/internal/kube/client.go:361.2,361.40 1 1
github.com/open-telemetry/opentelemetry-collector-contrib/processor/k8sattributesprocessor/internal/kube/client.go:364.2,364.13 1 1
github.com/open-telemetry/opentelemetry-collector-contrib/processor/k8sattributesprocessor/internal/kube/client.go:281.21,283.3 1 1
github.com/open-telemetry/opentelemetry-collector-contrib/processor/k8sattributesprocessor/internal/kube/client.go:285.23,287.3 1 1
github.com/open-telemetry/opentelemetry-collector-contrib/processor/k8sattributesprocessor/internal/kube/client.go:289.23,291.19 2 1
github.com/open-telemetry/opentelemetry-collector-contrib/processor/k8sattributesprocessor/internal/kube/client.go:291.19,293.4 1 1
github.com/open-telemetry/opentelemetry-collector-contrib/processor/k8sattributesprocessor/internal/kube/client.go:296.20,299.3 2 1
github.com/open-telemetry/opentelemetry-collector-contrib/processor/k8sattributesprocessor/internal/kube/client.go:305.45,306.43 1 1
github.com/open-telemetry/opentelemetry-collector-contrib/processor/k8sattributesprocessor/internal/kube/client.go:306.43,307.20 1 1
github.com/open-telemetry/opentelemetry-collector-contrib/processor/k8sattributesprocessor/internal/kube/client.go:308.22,309.29 1 1
github.com/open-telemetry/opentelemetry-collector-contrib/processor/k8sattributesprocessor/internal/kube/client.go:312.5,312.31 1 1
github.com/open-telemetry/opentelemetry-collector-contrib/processor/k8sattributesprocessor/internal/kube/client.go:315.5,315.27 1 1
github.com/open-telemetry/opentelemetry-collector-contrib/processor/k8sattributesprocessor/internal/kube/client.go:322.21,323.29 1 1
github.com/open-telemetry/opentelemetry-collector-contrib/processor/k8sattributesprocessor/internal/kube/client.go:326.5,326.30 1 1
github.com/open-telemetry/opentelemetry-collector-contrib/processor/k8sattributesprocessor/internal/kube/client.go:329.23,330.31 1 1
github.com/open-telemetry/opentelemetry-collector-contrib/processor/k8sattributesprocessor/internal/kube/client.go:333.5,333.32 1 1
github.com/open-telemetry/opentelemetry-collector-contrib/processor/k8sattributesprocessor/internal/kube/client.go:336.15,337.28 1 1
github.com/open-telemetry/opentelemetry-collector-contrib/processor/k8sattributesprocessor/internal/kube/client.go:343.5,343.23 1 1
github.com/open-telemetry/opentelemetry-collector-contrib/processor/k8sattributesprocessor/internal/kube/client.go:346.5,346.24 1 1
github.com/open-telemetry/opentelemetry-collector-contrib/processor/k8sattributesprocessor/internal/kube/client.go:309.29,311.6 1 1
github.com/open-telemetry/opentelemetry-collector-contrib/processor/k8sattributesprocessor/internal/kube/client.go:312.31,314.6 1 1
github.com/open-telemetry/opentelemetry-collector-contrib/processor/k8sattributesprocessor/internal/kube/client.go:315.27,318.25 2 1
github.com/open-telemetry/opentelemetry-collector-contrib/processor/k8sattributesprocessor/internal/kube/client.go:318.25,320.7 1 1
github.com/open-telemetry/opentelemetry-collector-contrib/processor/k8sattributesprocessor/internal/kube/client.go:323.29,325.6 1 1
github.com/open-telemetry/opentelemetry-collector-contrib/processor/k8sattributesprocessor/internal/kube/client.go:326.30,328.6 1 1
github.com/open-telemetry/opentelemetry-collector-contrib/processor/k8sattributesprocessor/internal/kube/client.go:330.31,332.6 1 1
github.com/open-telemetry/opentelemetry-collector-contrib/processor/k8sattributesprocessor/internal/kube/client.go:333.32,335.6 1 1
github.com/open-telemetry/opentelemetry-collector-contrib/processor/k8sattributesprocessor/internal/kube/client.go:337.28,339.25 2 1
github.com/open-telemetry/opentelemetry-collector-contrib/processor/k8sattributesprocessor/internal/kube/client.go:339.25,341.7 1 1
github.com/open-telemetry/opentelemetry-collector-contrib/processor/k8sattributesprocessor/internal/kube/client.go:343.23,345.6 1 1
github.com/open-telemetry/opentelemetry-collector-contrib/processor/k8sattributesprocessor/internal/kube/client.go:346.24,348.6 1 1
github.com/open-telemetry/opentelemetry-collector-contrib/processor/k8sattributesprocessor/internal/kube/client.go:353.18,355.3 1 1
github.com/open-telemetry/opentelemetry-collector-contrib/processor/k8sattributesprocessor/internal/kube/client.go:357.35,359.3 1 1
github.com/open-telemetry/opentelemetry-collector-contrib/processor/k8sattributesprocessor/internal/kube/client.go:361.40,363.3 1 1
github.com/open-telemetry/opentelemetry-collector-contrib/processor/k8sattributesprocessor/internal/kube/client.go:367.93,370.61 2 1
github.com/open-telemetry/opentelemetry-collector-contrib/processor/k8sattributesprocessor/internal/kube/client.go:384.2,384.25 1 1
github.com/open-telemetry/opentelemetry-collector-contrib/processor/k8sattributesprocessor/internal/kube/client.go:406.2,406.19 1 1
github.com/open-telemetry/opentelemetry-collector-contrib/processor/k8sattributesprocessor/internal/kube/client.go:370.61,371.80 1 1
github.com/open-telemetry/opentelemetry-collector-contrib/processor/k8sattributesprocessor/internal/kube/client.go:371.80,374.34 3 1
github.com/open-telemetry/opentelemetry-collector-contrib/processor/k8sattributesprocessor/internal/kube/client.go:377.4,377.56 1 1
github.com/open-telemetry/opentelemetry-collector-contrib/processor/k8sattributesprocessor/internal/kube/client.go:380.4,380.37 1 1
github.com/open-telemetry/opentelemetry-collector-contrib/processor/k8sattributesprocessor/internal/kube/client.go:374.34,376.5 1 1
github.com/open-telemetry/opentelemetry-collector-contrib/processor/k8sattributesprocessor/internal/kube/client.go:377.56,379.5 1 1
github.com/open-telemetry/opentelemetry-collector-contrib/processor/k8sattributesprocessor/internal/kube/client.go:384.25,385.103 1 1
github.com/open-telemetry/opentelemetry-collector-contrib/processor/k8sattributesprocessor/internal/kube/client.go:385.103,387.11 2 1
github.com/open-telemetry/opentelemetry-collector-contrib/processor/k8sattributesprocessor/internal/kube/client.go:391.4,391.33 1 1
github.com/open-telemetry/opentelemetry-collector-contrib/processor/k8sattributesprocessor/internal/kube/client.go:395.4,399.25 3 1
github.com/open-telemetry/opentelemetry-collector-contrib/processor/k8sattributesprocessor/internal/kube/client.go:403.4,403.82 1 1
github.com/open-telemetry/opentelemetry-collector-contrib/processor/k8sattributesprocessor/internal/kube/client.go:387.11,390.5 2 1
github.com/open-telemetry/opentelemetry-collector-contrib/processor/k8sattributesprocessor/internal/kube/client.go:391.33,393.5 1 1
github.com/open-telemetry/opentelemetry-collector-contrib/processor/k8sattributesprocessor/internal/kube/client.go:399.25,401.5 1 1
github.com/open-telemetry/opentelemetry-collector-contrib/processor/k8sattributesprocessor/internal/kube/client.go:409.97,412.35 2 1
github.com/open-telemetry/opentelemetry-collector-contrib/processor/k8sattributesprocessor/internal/kube/client.go:416.2,416.40 1 1
github.com/open-telemetry/opentelemetry-collector-contrib/processor/k8sattributesprocessor/internal/kube/client.go:420.2,420.13 1 1
github.com/open-telemetry/opentelemetry-collector-contrib/processor/k8sattributesprocessor/internal/kube/client.go:412.35,414.3 1 1
github.com/open-telemetry/opentelemetry-collector-contrib/processor/k8sattributesprocessor/internal/kube/client.go:416.40,418.3 1 1
github.com/open-telemetry/opentelemetry-collector-contrib/processor/k8sattributesprocessor/internal/kube/client.go:423.56,433.28 2 1
github.com/open-telemetry/opentelemetry-collector-contrib/processor/k8sattributesprocessor/internal/kube/client.go:442.2,442.15 1 1
github.com/open-telemetry/opentelemetry-collector-contrib/processor/k8sattributesprocessor/internal/kube/client.go:433.28,435.3 1 0
github.com/open-telemetry/opentelemetry-collector-contrib/processor/k8sattributesprocessor/internal/kube/client.go:435.8,437.39 2 1
github.com/open-telemetry/opentelemetry-collector-contrib/processor/k8sattributesprocessor/internal/kube/client.go:437.39,439.4 1 0
github.com/open-telemetry/opentelemetry-collector-contrib/processor/k8sattributesprocessor/internal/kube/client.go:446.73,448.39 2 1
github.com/open-telemetry/opentelemetry-collector-contrib/processor/k8sattributesprocessor/internal/kube/client.go:502.2,502.22 1 1
github.com/open-telemetry/opentelemetry-collector-contrib/processor/k8sattributesprocessor/internal/kube/client.go:508.2,508.43 1 1
github.com/open-telemetry/opentelemetry-collector-contrib/processor/k8sattributesprocessor/internal/kube/client.go:518.2,518.12 1 1
github.com/open-telemetry/opentelemetry-collector-contrib/processor/k8sattributesprocessor/internal/kube/client.go:448.39,451.40 3 1
github.com/open-telemetry/opentelemetry-collector-contrib/processor/k8sattributesprocessor/internal/kube/client.go:496.3,496.12 1 1
github.com/open-telemetry/opentelemetry-collector-contrib/processor/k8sattributesprocessor/internal/kube/client.go:451.40,453.11 1 1
github.com/open-telemetry/opentelemetry-collector-contrib/processor/k8sattributesprocessor/internal/kube/client.go:454.41,455.26 1 1
github.com/open-telemetry/opentelemetry-collector-contrib/processor/k8sattributesprocessor/internal/kube/client.go:463.5,463.24 1 1
github.com/open-telemetry/opentelemetry-collector-contrib/processor/k8sattributesprocessor/internal/kube/client.go:467.5,467.67 1 1
github.com/open-telemetry/opentelemetry-collector-contrib/processor/k8sattributesprocessor/internal/kube/client.go:468.39,470.24 2 1
github.com/open-telemetry/opentelemetry-collector-contrib/processor/k8sattributesprocessor/internal/kube/client.go:488.5,488.19 1 1
github.com/open-telemetry/opentelemetry-collector-contrib/processor/k8sattributesprocessor/internal/kube/client.go:492.5,492.60 1 1
github.com/open-telemetry/opentelemetry-collector-contrib/processor/k8sattributesprocessor/internal/kube/client.go:455.26,457.11 2 1
github.com/open-telemetry/opentelemetry-collector-contrib/processor/k8sattributesprocessor/internal/kube/client.go:463.24,465.11 2 1
github.com/open-telemetry/opentelemetry-collector-contrib/processor/k8sattributesprocessor/internal/kube/client.go:471.48,472.26 1 0
github.com/open-telemetry/opentelemetry-collector-contrib/processor/k8sattributesprocessor/internal/kube/client.go:473.42,474.21 1 1
github.com/open-telemetry/opentelemetry-collector-contrib/processor/k8sattributesprocessor/internal/kube/client.go:475.41,476.23 1 1
github.com/open-telemetry/opentelemetry-collector-contrib/processor/k8sattributesprocessor/internal/kube/client.go:477.40,478.24 1 0
github.com/open-telemetry/opentelemetry-collector-contrib/processor/k8sattributesprocessor/internal/kube/client.go:480.25,481.24 1 0
github.com/open-telemetry/opentelemetry-collector-contrib/processor/k8sattributesprocessor/internal/kube/client.go:482.13,483.50 1 0
github.com/open-telemetry/opentelemetry-collector-contrib/processor/k8sattributesprocessor/internal/kube/client.go:483.50,485.7 1 0
github.com/open-telemetry/opentelemetry-collector-contrib/processor/k8sattributesprocessor/internal/kube/client.go:488.19,490.11 2 1
github.com/open-telemetry/opentelemetry-collector-contrib/processor/k8sattributesprocessor/internal/kube/client.go:496.12,498.4 1 1
github.com/open-telemetry/opentelemetry-collector-contrib/processor/k8sattributesprocessor/internal/kube/client.go:502.22,506.3 1 1
github.com/open-telemetry/opentelemetry-collector-contrib/processor/k8sattributesprocessor/internal/kube/client.go:508.43,516.3 2 1
github.com/open-telemetry/opentelemetry-collector-contrib/processor/k8sattributesprocessor/internal/kube/client.go:521.55,527.55 4 1
github.com/open-telemetry/opentelemetry-collector-contrib/processor/k8sattributesprocessor/internal/kube/client.go:527.55,532.30 1 1
github.com/open-telemetry/opentelemetry-collector-contrib/processor/k8sattributesprocessor/internal/kube/client.go:537.3,537.22 1 1
github.com/open-telemetry/opentelemetry-collector-contrib/processor/k8sattributesprocessor/internal/kube/client.go:532.30,533.48 1 1
github.com/open-telemetry/opentelemetry-collector-contrib/processor/k8sattributesprocessor/internal/kube/client.go:533.48,534.13 1 1
github.com/open-telemetry/opentelemetry-collector-contrib/processor/k8sattributesprocessor/internal/kube/client.go:541.50,543.60 2 1
github.com/open-telemetry/opentelemetry-collector-contrib/processor/k8sattributesprocessor/internal/kube/client.go:543.60,546.31 2 1
github.com/open-telemetry/opentelemetry-collector-contrib/processor/k8sattributesprocessor/internal/kube/client.go:546.31,548.4 1 1
github.com/open-telemetry/opentelemetry-collector-contrib/processor/k8sattributesprocessor/internal/kube/client.go:552.78,560.2 3 1
github.com/open-telemetry/opentelemetry-collector-contrib/processor/k8sattributesprocessor/internal/kube/client.go:562.61,564.52 1 1
github.com/open-telemetry/opentelemetry-collector-contrib/processor/k8sattributesprocessor/internal/kube/client.go:571.2,571.45 1 1
github.com/open-telemetry/opentelemetry-collector-contrib/processor/k8sattributesprocessor/internal/kube/client.go:577.2,577.14 1 1
github.com/open-telemetry/opentelemetry-collector-contrib/processor/k8sattributesprocessor/internal/kube/client.go:564.52,565.54 1 1
github.com/open-telemetry/opentelemetry-collector-contrib/processor/k8sattributesprocessor/internal/kube/client.go:565.54,567.4 1 1
github.com/open-telemetry/opentelemetry-collector-contrib/processor/k8sattributesprocessor/internal/kube/client.go:571.45,572.45 1 1
github.com/open-telemetry/opentelemetry-collector-contrib/processor/k8sattributesprocessor/internal/kube/client.go:572.45,574.4 1 1
github.com/open-telemetry/opentelemetry-collector-contrib/processor/k8sattributesprocessor/internal/kube/client.go:580.86,582.35 2 1
github.com/open-telemetry/opentelemetry-collector-contrib/processor/k8sattributesprocessor/internal/kube/client.go:590.2,591.35 2 1
github.com/open-telemetry/opentelemetry-collector-contrib/processor/k8sattributesprocessor/internal/kube/client.go:602.2,602.24 1 1
github.com/open-telemetry/opentelemetry-collector-contrib/processor/k8sattributesprocessor/internal/kube/client.go:605.2,605.62 1 1
github.com/open-telemetry/opentelemetry-collector-contrib/processor/k8sattributesprocessor/internal/kube/client.go:582.35,584.17 2 1
github.com/open-telemetry/opentelemetry-collector-contrib/processor/k8sattributesprocessor/internal/kube/client.go:587.3,587.40 1 1
github.com/open-telemetry/opentelemetry-collector-contrib/processor/k8sattributesprocessor/internal/kube/client.go:584.17,586.4 1 1
github.com/open-telemetry/opentelemetry-collector-contrib/processor/k8sattributesprocessor/internal/kube/client.go:591.35,592.15 1 1
github.com/open-telemetry/opentelemetry-collector-contrib/processor/k8sattributesprocessor/internal/kube/client.go:593.25,594.78 1 1
github.com/open-telemetry/opentelemetry-collector-contrib/processor/k8sattributesprocessor/internal/kube/client.go:595.28,596.81 1 1
github.com/open-telemetry/opentelemetry-collector-contrib/processor/k8sattributesprocessor/internal/kube/client.go:597.11,598.83 1 1
github.com/open-telemetry/opentelemetry-collector-contrib/processor/k8sattributesprocessor/internal/kube/client.go:602.24,604.3 1 1
github.com/open-telemetry/opentelemetry-collector-contrib/processor/k8sattributesprocessor/internal/kube/client.go:608.73,617.26 4 1
github.com/open-telemetry/opentelemetry-collector-contrib/processor/k8sattributesprocessor/internal/kube/client.go:620.2,620.14 1 1
github.com/open-telemetry/opentelemetry-collector-contrib/processor/k8sattributesprocessor/internal/kube/client.go:617.26,619.3 1 1
github.com/open-telemetry/opentelemetry-collector-contrib/processor/k8sattributesprocessor/internal/kube/client.go:623.64,624.35 1 1
github.com/open-telemetry/opentelemetry-collector-contrib/processor/k8sattributesprocessor/internal/kube/client.go:630.2,630.40 1 1
github.com/open-telemetry/opentelemetry-collector-contrib/processor/k8sattributesprocessor/internal/kube/client.go:636.2,636.14 1 1
github.com/open-telemetry/opentelemetry-collector-contrib/processor/k8sattributesprocessor/internal/kube/client.go:624.35,625.38 1 1
github.com/open-telemetry/opentelemetry-collector-contrib/processor/k8sattributesprocessor/internal/kube/client.go:625.38,627.4 1 1
github.com/open-telemetry/opentelemetry-collector-contrib/processor/k8sattributesprocessor/internal/kube/client.go:630.40,631.38 1 1
github.com/open-telemetry/opentelemetry-collector-contrib/processor/k8sattributesprocessor/internal/kube/client.go:631.38,633.4 1 1
github.com/open-telemetry/opentelemetry-collector-contrib/processor/k8sattributesprocessor/internal/kube/client.go:639.58,641.2 1 1
